[debug] > Exec(run 8080, None, None)
[debug] Evaluating tasks: Compile / run
[debug] Running task... Cancel: Signal, check cycles: false, forcegc: true
[debug] Running task... Cancel: Signal, check cycles: false, forcegc: true
[debug] Running task... Cancel: Signal, check cycles: false, forcegc: true
[debug] Exporting web-assets:play-scala-hello-world-tutorial
[debug] Running task... Cancel: Signal, check cycles: false, forcegc: true
[debug] Running task... Cancel: Signal, check cycles: false, forcegc: true
[info] compiling 1 Scala source to D:\play-samples-play-scala-hello-world-tutorial\target\scala-2.13\classes ...
[error] D:\play-samples-play-scala-hello-world-tutorial\app\controllers\Application.scala:49:29: overloaded method apply with alternatives:
[error]   (block: => play.api.mvc.Result)play.api.mvc.Action[play.api.mvc.AnyContent] <and>
[error]   (block: play.api.mvc.Request[play.api.mvc.AnyContent] => play.api.mvc.Result)play.api.mvc.Action[play.api.mvc.AnyContent] <and>
[error]   [A](bodyParser: play.api.mvc.BodyParser[A]): play.api.mvc.ActionBuilder[play.api.mvc.Request,A]
[error]  cannot be applied to (Any)
[error]   def updatevalues(prn:Int)=Action{
[error]                             ^
[error] one error found
[error] (Compile / compileIncremental) Compilation failed
[debug] Running task... Cancel: Signal, check cycles: false, forcegc: true
[debug] Running task... Cancel: Signal, check cycles: false, forcegc: true
[debug] Running task... Cancel: Signal, check cycles: false, forcegc: true
[info] compiling 1 Scala source to D:\play-samples-play-scala-hello-world-tutorial\target\scala-2.13\classes ...
[error] D:\play-samples-play-scala-hello-world-tutorial\app\controllers\Application.scala:83:7: method updatevalues has return statement; needs result type
[error]       return false
[error]       ^
[error] one error found
[error] (Compile / compileIncremental) Compilation failed
[debug] Running task... Cancel: Signal, check cycles: false, forcegc: true
[debug] Running task... Cancel: Signal, check cycles: false, forcegc: true
[debug] Running task... Cancel: Signal, check cycles: false, forcegc: true
[info] compiling 1 Scala source to D:\play-samples-play-scala-hello-world-tutorial\target\scala-2.13\classes ...
[info] done compiling
[debug] Running task... Cancel: Signal, check cycles: false, forcegc: true
[debug] Exporting web-assets:play-scala-hello-world-tutorial
[debug] Running task... Cancel: Signal, check cycles: false, forcegc: true
