[debug] > Exec(run 9090, None, None)
[debug] Evaluating tasks: Compile / run
[debug] Running task... Cancel: Signal, check cycles: false, forcegc: true
[debug] Running task... Cancel: Signal, check cycles: false, forcegc: true
[debug] Forcing garbage collection...
[debug] Running task... Cancel: Signal, check cycles: false, forcegc: true
[debug] Exporting web-assets:play-scala-hello-world-tutorial
[debug] Running task... Cancel: Signal, check cycles: false, forcegc: true
[debug] Running task... Cancel: Signal, check cycles: false, forcegc: true
[info] compiling 1 Scala source to D:\Scala Projects\divyesh\play_app_sample1\layout-check\target\scala-2.13\classes ...
[info] done compiling
[debug] Forcing garbage collection...
[debug] Running task... Cancel: Signal, check cycles: false, forcegc: true
[debug] Exporting web-assets:play-scala-hello-world-tutorial
[debug] Running task... Cancel: Signal, check cycles: false, forcegc: true
[debug] Running task... Cancel: Signal, check cycles: false, forcegc: true
[info] compiling 2 Scala sources to D:\Scala Projects\divyesh\play_app_sample1\layout-check\target\scala-2.13\classes ...
[error] D:\Scala Projects\divyesh\play_app_sample1\layout-check\app\views\instituteList.scala.html:167:41: value aadhar is not a member of controllers.StudentInstitute
[error]         <tr class="std-row" data-id="@d.aadhar">
[error]                                         ^
[error] D:\Scala Projects\divyesh\play_app_sample1\layout-check\app\views\instituteList.scala.html:170:20: value name is not a member of controllers.StudentInstitute
[error]                 @d.name.get("first_name")
[error]                    ^
[error] D:\Scala Projects\divyesh\play_app_sample1\layout-check\app\views\instituteList.scala.html:171:20: value name is not a member of controllers.StudentInstitute
[error]                 @d.name.get("middle_name")
[error]                    ^
[error] D:\Scala Projects\divyesh\play_app_sample1\layout-check\app\views\instituteList.scala.html:172:20: value name is not a member of controllers.StudentInstitute
[error]                 @d.name.get("last_name")
[error]                    ^
[error] D:\Scala Projects\divyesh\play_app_sample1\layout-check\app\views\instituteList.scala.html:174:20: value aadhar is not a member of controllers.StudentInstitute
[error]             <td>@d.aadhar</td>
[error]                    ^
[error] D:\Scala Projects\divyesh\play_app_sample1\layout-check\app\views\instituteList.scala.html:175:20: value branch is not a member of controllers.StudentInstitute
[error]             <td>@d.branch</td>
[error]                    ^
[error] D:\Scala Projects\divyesh\play_app_sample1\layout-check\app\views\instituteList.scala.html:176:20: value year is not a member of controllers.StudentInstitute
[error]             <td>@d.year</td>
[error]                    ^
[error] 7 errors found
[debug] Forcing garbage collection...
[error] (Compile / compileIncremental) Compilation failed
[debug] Running task... Cancel: Signal, check cycles: false, forcegc: true
[debug] Running task... Cancel: Signal, check cycles: false, forcegc: true
[debug] Running task... Cancel: Signal, check cycles: false, forcegc: true
[info] compiling 2 Scala sources to D:\Scala Projects\divyesh\play_app_sample1\layout-check\target\scala-2.13\classes ...
[error] D:\Scala Projects\divyesh\play_app_sample1\layout-check\app\views\instituteList.scala.html:167:41: value aadhar is not a member of controllers.StudentInstitute
[error]         <tr class="std-row" data-id="@d.aadhar">
[error]                                         ^
[error] D:\Scala Projects\divyesh\play_app_sample1\layout-check\app\views\instituteList.scala.html:170:20: value name is not a member of controllers.StudentInstitute
[error]                 @d.name.get("first_name")
[error]                    ^
[error] D:\Scala Projects\divyesh\play_app_sample1\layout-check\app\views\instituteList.scala.html:171:20: value name is not a member of controllers.StudentInstitute
[error]                 @d.name.get("middle_name")
[error]                    ^
[error] D:\Scala Projects\divyesh\play_app_sample1\layout-check\app\views\instituteList.scala.html:172:20: value name is not a member of controllers.StudentInstitute
[error]                 @d.name.get("last_name")
[error]                    ^
[error] D:\Scala Projects\divyesh\play_app_sample1\layout-check\app\views\instituteList.scala.html:174:20: value aadhar is not a member of controllers.StudentInstitute
[error]             <td>@d.aadhar</td>
[error]                    ^
[error] D:\Scala Projects\divyesh\play_app_sample1\layout-check\app\views\instituteList.scala.html:175:20: value branch is not a member of controllers.StudentInstitute
[error]             <td>@d.branch</td>
[error]                    ^
[error] D:\Scala Projects\divyesh\play_app_sample1\layout-check\app\views\instituteList.scala.html:176:20: value year is not a member of controllers.StudentInstitute
[error]             <td>@d.year</td>
[error]                    ^
[error] 7 errors found
[error] (Compile / compileIncremental) Compilation failed
[debug] Running task... Cancel: Signal, check cycles: false, forcegc: true
[debug] Running task... Cancel: Signal, check cycles: false, forcegc: true
[debug] Running task... Cancel: Signal, check cycles: false, forcegc: true
[info] compiling 2 Scala sources to D:\Scala Projects\divyesh\play_app_sample1\layout-check\target\scala-2.13\classes ...
[error] D:\Scala Projects\divyesh\play_app_sample1\layout-check\app\views\instituteList.scala.html:167:41: value aadhar is not a member of controllers.StudentInstitute
[error]         <tr class="std-row" data-id="@d.aadhar">
[error]                                         ^
[error] D:\Scala Projects\divyesh\play_app_sample1\layout-check\app\views\instituteList.scala.html:170:20: value name is not a member of controllers.StudentInstitute
[error]                 @d.name.get("first_name")
[error]                    ^
[error] D:\Scala Projects\divyesh\play_app_sample1\layout-check\app\views\instituteList.scala.html:171:20: value name is not a member of controllers.StudentInstitute
[error]                 @d.name.get("middle_name")
[error]                    ^
[error] D:\Scala Projects\divyesh\play_app_sample1\layout-check\app\views\instituteList.scala.html:172:20: value name is not a member of controllers.StudentInstitute
[error]                 @d.name.get("last_name")
[error]                    ^
[error] D:\Scala Projects\divyesh\play_app_sample1\layout-check\app\views\instituteList.scala.html:174:20: value aadhar is not a member of controllers.StudentInstitute
[error]             <td>@d.aadhar</td>
[error]                    ^
[error] D:\Scala Projects\divyesh\play_app_sample1\layout-check\app\views\instituteList.scala.html:175:20: value branch is not a member of controllers.StudentInstitute
[error]             <td>@d.branch</td>
[error]                    ^
[error] D:\Scala Projects\divyesh\play_app_sample1\layout-check\app\views\instituteList.scala.html:176:20: value year is not a member of controllers.StudentInstitute
[error]             <td>@d.year</td>
[error]                    ^
[error] 7 errors found
[error] (Compile / compileIncremental) Compilation failed
[debug] Running task... Cancel: Signal, check cycles: false, forcegc: true
[debug] Running task... Cancel: Signal, check cycles: false, forcegc: true
[debug] Running task... Cancel: Signal, check cycles: false, forcegc: true
[info] compiling 1 Scala source to D:\Scala Projects\divyesh\play_app_sample1\layout-check\target\scala-2.13\classes ...
[info] done compiling
[debug] Running task... Cancel: Signal, check cycles: false, forcegc: true
[debug] Exporting web-assets:play-scala-hello-world-tutorial
[debug] Running task... Cancel: Signal, check cycles: false, forcegc: true
