[debug] > Exec(run 9090, None, None)
[debug] Evaluating tasks: Compile / run
[debug] Running task... Cancel: Signal, check cycles: false, forcegc: true
[debug] Running task... Cancel: Signal, check cycles: false, forcegc: true
[debug] Forcing garbage collection...
[debug] Running task... Cancel: Signal, check cycles: false, forcegc: true
[debug] Exporting web-assets:play-scala-hello-world-tutorial
[debug] Running task... Cancel: Signal, check cycles: false, forcegc: true
[debug] Running task... Cancel: Signal, check cycles: false, forcegc: true
[info] compiling 5 Scala sources to D:\Scala Projects\divyesh\play_app_sample1\layout-check\target\scala-2.13\classes ...
[error] D:\Scala Projects\divyesh\play_app_sample1\layout-check\conf\routes:67:1: type mismatch;
[error]  found   : Int
[error]  required: String
[error] GET     /instituteForm                  controllers.Application.instituteGetValues(institute_name,institute_code,institute_email,institute_contact,institute_line1,institute_line2,institute_city,institute_district,institute_state,institute_country,institute_pin:Int)
[error] D:\Scala Projects\divyesh\play_app_sample1\layout-check\conf\routes:70:1: type mismatch;
[error]  found   : Int
[error]  required: String
[error] GET     /instituteUpdate                controllers.Application.instituteUpdate(institute_name,institute_code,institute_email,institute_contact,institute_line1,institute_line2,institute_city,institute_district,institute_state,institute_country,institute_pin:Int)
[error] two errors found
[debug] Forcing garbage collection...
[error] (Compile / compileIncremental) Compilation failed
[debug] Running task... Cancel: Signal, check cycles: false, forcegc: true
[debug] Running task... Cancel: Signal, check cycles: false, forcegc: true
[debug] Running task... Cancel: Signal, check cycles: false, forcegc: true
[info] compiling 5 Scala sources to D:\Scala Projects\divyesh\play_app_sample1\layout-check\target\scala-2.13\classes ...
[info] done compiling
[info] compiling 3 Scala sources and 1 Java source to D:\Scala Projects\divyesh\play_app_sample1\layout-check\target\scala-2.13\classes ...
[error] D:\Scala Projects\divyesh\play_app_sample1\layout-check\app\views\instituteList.scala.html:210:41: value studentId is not a member of controllers.StudentInstitute
[error]         <tr class="std-row" data-id="@d.studentId">
[error]                                         ^
[error] D:\Scala Projects\divyesh\play_app_sample1\layout-check\app\views\instituteList.scala.html:213:20: value studentName is not a member of controllers.StudentInstitute
[error]                 @d.studentName.get("first_name")
[error]                    ^
[error] D:\Scala Projects\divyesh\play_app_sample1\layout-check\app\views\instituteList.scala.html:214:20: value studentName is not a member of controllers.StudentInstitute
[error]                 @d.studentName.get("middle_name")
[error]                    ^
[error] D:\Scala Projects\divyesh\play_app_sample1\layout-check\app\views\instituteList.scala.html:215:20: value studentName is not a member of controllers.StudentInstitute
[error]                 @d.studentName.get("last_name")
[error]                    ^
[error] D:\Scala Projects\divyesh\play_app_sample1\layout-check\app\views\instituteList.scala.html:217:20: value studentId is not a member of controllers.StudentInstitute
[error]             <td>@d.studentId</td>
[error]                    ^
[error] D:\Scala Projects\divyesh\play_app_sample1\layout-check\app\views\instituteList.scala.html:218:20: value prevInstituteCode is not a member of controllers.StudentInstitute
[error]             <td>@d.prevInstituteCode.get("Unique Code")</td>
[error]                    ^
[error] D:\Scala Projects\divyesh\play_app_sample1\layout-check\app\views\instituteList.scala.html:219:20: value currInstituteCode is not a member of controllers.StudentInstitute
[error]             <td>@d.currInstituteCode.get("Unique Code")</td>
[error]                    ^
[error] 7 errors found
[error] (Compile / compileIncremental) Compilation failed
[debug] Running task... Cancel: Signal, check cycles: false, forcegc: true
[debug] Running task... Cancel: Signal, check cycles: false, forcegc: true
[debug] Running task... Cancel: Signal, check cycles: false, forcegc: true
[info] compiling 6 Scala sources to D:\Scala Projects\divyesh\play_app_sample1\layout-check\target\scala-2.13\classes ...
[error] D:\Scala Projects\divyesh\play_app_sample1\layout-check\app\views\instituteList.scala.html:210:41: value institute_id is not a member of controllers.StudentInstitute
[error] did you mean instituteId?
[error]         <tr class="std-row" data-id="@d.institute_id">
[error]                                         ^
[error] D:\Scala Projects\divyesh\play_app_sample1\layout-check\app\views\instituteList.scala.html:213:20: value institute_name is not a member of controllers.StudentInstitute
[error] did you mean instituteName?
[error]                 @d.institute_name
[error]                    ^
[error] D:\Scala Projects\divyesh\play_app_sample1\layout-check\app\views\instituteList.scala.html:215:20: value studentId is not a member of controllers.StudentInstitute
[error]             <td>@d.studentId</td>
[error]                    ^
[error] D:\Scala Projects\divyesh\play_app_sample1\layout-check\app\views\instituteList.scala.html:216:20: value institute_contact is not a member of controllers.StudentInstitute
[error] did you mean instituteContact?
[error]             <td>@d.institute_contact</td>
[error]                    ^
[error] D:\Scala Projects\divyesh\play_app_sample1\layout-check\app\views\instituteList.scala.html:218:20: value institute_address is not a member of controllers.StudentInstitute
[error] did you mean instituteAddress?
[error]                 @d.institute_address.get(City)
[error]                    ^
[error] D:\Scala Projects\divyesh\play_app_sample1\layout-check\app\views\instituteList.scala.html:218:42: not found: value City
[error]                 @d.institute_address.get(City)
[error]                                          ^
[error] D:\Scala Projects\divyesh\play_app_sample1\layout-check\app\views\instituteList.scala.html:219:20: value institute_address is not a member of controllers.StudentInstitute
[error] did you mean instituteAddress?
[error]                 @d.institute_address.get(District)
[error]                    ^
[error] D:\Scala Projects\divyesh\play_app_sample1\layout-check\app\views\instituteList.scala.html:219:42: not found: value District
[error]                 @d.institute_address.get(District)
[error]                                          ^
[error] 8 errors found
[debug] Forcing garbage collection...
[error] (Compile / compileIncremental) Compilation failed
[debug] Running task... Cancel: Signal, check cycles: false, forcegc: true
[debug] Running task... Cancel: Signal, check cycles: false, forcegc: true
[debug] Running task... Cancel: Signal, check cycles: false, forcegc: true
[info] compiling 6 Scala sources to D:\Scala Projects\divyesh\play_app_sample1\layout-check\target\scala-2.13\classes ...
[error] D:\Scala Projects\divyesh\play_app_sample1\layout-check\app\views\instituteList.scala.html:210:41: value institute_id is not a member of controllers.StudentInstitute
[error] did you mean instituteId?
[error]         <tr class="std-row" data-id="@d.institute_id">
[error]                                         ^
[error] D:\Scala Projects\divyesh\play_app_sample1\layout-check\app\views\instituteList.scala.html:213:20: value institute_name is not a member of controllers.StudentInstitute
[error] did you mean instituteName?
[error]                 @d.institute_name
[error]                    ^
[error] D:\Scala Projects\divyesh\play_app_sample1\layout-check\app\views\instituteList.scala.html:215:20: value studentId is not a member of controllers.StudentInstitute
[error]             <td>@d.studentId</td>
[error]                    ^
[error] D:\Scala Projects\divyesh\play_app_sample1\layout-check\app\views\instituteList.scala.html:216:20: value institute_contact is not a member of controllers.StudentInstitute
[error] did you mean instituteContact?
[error]             <td>@d.institute_contact</td>
[error]                    ^
[error] D:\Scala Projects\divyesh\play_app_sample1\layout-check\app\views\instituteList.scala.html:218:20: value institute_address is not a member of controllers.StudentInstitute
[error] did you mean instituteAddress?
[error]                 @d.institute_address.get(City)
[error]                    ^
[error] D:\Scala Projects\divyesh\play_app_sample1\layout-check\app\views\instituteList.scala.html:218:42: not found: value City
[error]                 @d.institute_address.get(City)
[error]                                          ^
[error] D:\Scala Projects\divyesh\play_app_sample1\layout-check\app\views\instituteList.scala.html:219:20: value institute_address is not a member of controllers.StudentInstitute
[error] did you mean instituteAddress?
[error]                 @d.institute_address.get(District)
[error]                    ^
[error] D:\Scala Projects\divyesh\play_app_sample1\layout-check\app\views\instituteList.scala.html:219:42: not found: value District
[error]                 @d.institute_address.get(District)
[error]                                          ^
[error] 8 errors found
[error] (Compile / compileIncremental) Compilation failed
[debug] Running task... Cancel: Signal, check cycles: false, forcegc: true
[debug] Running task... Cancel: Signal, check cycles: false, forcegc: true
[debug] Running task... Cancel: Signal, check cycles: false, forcegc: true
[info] compiling 6 Scala sources to D:\Scala Projects\divyesh\play_app_sample1\layout-check\target\scala-2.13\classes ...
[error] D:\Scala Projects\divyesh\play_app_sample1\layout-check\app\views\instituteList.scala.html:210:41: value institute_id is not a member of controllers.StudentInstitute
[error] did you mean instituteId?
[error]         <tr class="std-row" data-id="@d.institute_id">
[error]                                         ^
[error] D:\Scala Projects\divyesh\play_app_sample1\layout-check\app\views\instituteList.scala.html:213:20: value institute_name is not a member of controllers.StudentInstitute
[error] did you mean instituteName?
[error]                 @d.institute_name
[error]                    ^
[error] D:\Scala Projects\divyesh\play_app_sample1\layout-check\app\views\instituteList.scala.html:215:20: value studentId is not a member of controllers.StudentInstitute
[error]             <td>@d.studentId</td>
[error]                    ^
[error] D:\Scala Projects\divyesh\play_app_sample1\layout-check\app\views\instituteList.scala.html:216:20: value institute_contact is not a member of controllers.StudentInstitute
[error] did you mean instituteContact?
[error]             <td>@d.institute_contact</td>
[error]                    ^
[error] D:\Scala Projects\divyesh\play_app_sample1\layout-check\app\views\instituteList.scala.html:218:20: value institute_address is not a member of controllers.StudentInstitute
[error] did you mean instituteAddress?
[error]                 @d.institute_address.get(City)
[error]                    ^
[error] D:\Scala Projects\divyesh\play_app_sample1\layout-check\app\views\instituteList.scala.html:218:42: not found: value City
[error]                 @d.institute_address.get(City)
[error]                                          ^
[error] D:\Scala Projects\divyesh\play_app_sample1\layout-check\app\views\instituteList.scala.html:219:20: value institute_address is not a member of controllers.StudentInstitute
[error] did you mean instituteAddress?
[error]                 @d.institute_address.get(District)
[error]                    ^
[error] D:\Scala Projects\divyesh\play_app_sample1\layout-check\app\views\instituteList.scala.html:219:42: not found: value District
[error]                 @d.institute_address.get(District)
[error]                                          ^
[error] 8 errors found
[error] (Compile / compileIncremental) Compilation failed
[debug] Running task... Cancel: Signal, check cycles: false, forcegc: true
[debug] Running task... Cancel: Signal, check cycles: false, forcegc: true
[debug] Running task... Cancel: Signal, check cycles: false, forcegc: true
[info] compiling 6 Scala sources to D:\Scala Projects\divyesh\play_app_sample1\layout-check\target\scala-2.13\classes ...
[error] D:\Scala Projects\divyesh\play_app_sample1\layout-check\app\views\instituteList.scala.html:213:20: value institute_name is not a member of controllers.StudentInstitute
[error] did you mean instituteName?
[error]                 @d.institute_name
[error]                    ^
[error] D:\Scala Projects\divyesh\play_app_sample1\layout-check\app\views\instituteList.scala.html:215:20: value studentId is not a member of controllers.StudentInstitute
[error]             <td>@d.studentId</td>
[error]                    ^
[error] D:\Scala Projects\divyesh\play_app_sample1\layout-check\app\views\instituteList.scala.html:216:20: value institute_contact is not a member of controllers.StudentInstitute
[error] did you mean instituteContact?
[error]             <td>@d.institute_contact</td>
[error]                    ^
[error] D:\Scala Projects\divyesh\play_app_sample1\layout-check\app\views\instituteList.scala.html:218:20: value institute_address is not a member of controllers.StudentInstitute
[error] did you mean instituteAddress?
[error]                 @d.institute_address.get(City)
[error]                    ^
[error] D:\Scala Projects\divyesh\play_app_sample1\layout-check\app\views\instituteList.scala.html:218:42: not found: value City
[error]                 @d.institute_address.get(City)
[error]                                          ^
[error] D:\Scala Projects\divyesh\play_app_sample1\layout-check\app\views\instituteList.scala.html:219:20: value institute_address is not a member of controllers.StudentInstitute
[error] did you mean instituteAddress?
[error]                 @d.institute_address.get(District)
[error]                    ^
[error] D:\Scala Projects\divyesh\play_app_sample1\layout-check\app\views\instituteList.scala.html:219:42: not found: value District
[error]                 @d.institute_address.get(District)
[error]                                          ^
[error] 7 errors found
[error] (Compile / compileIncremental) Compilation failed
[debug] Running task... Cancel: Signal, check cycles: false, forcegc: true
[debug] Running task... Cancel: Signal, check cycles: false, forcegc: true
[debug] Running task... Cancel: Signal, check cycles: false, forcegc: true
[info] compiling 6 Scala sources to D:\Scala Projects\divyesh\play_app_sample1\layout-check\target\scala-2.13\classes ...
[error] D:\Scala Projects\divyesh\play_app_sample1\layout-check\app\views\instituteList.scala.html:215:20: value studentId is not a member of controllers.StudentInstitute
[error]             <td>@d.studentId</td>
[error]                    ^
[error] D:\Scala Projects\divyesh\play_app_sample1\layout-check\app\views\instituteList.scala.html:218:41: not found: value City
[error]                 @d.instituteAddress.get(City)
[error]                                         ^
[error] D:\Scala Projects\divyesh\play_app_sample1\layout-check\app\views\instituteList.scala.html:219:41: not found: value District
[error]                 @d.instituteAddress.get(District)
[error]                                         ^
[error] three errors found
[error] (Compile / compileIncremental) Compilation failed
[debug] Running task... Cancel: Signal, check cycles: false, forcegc: true
[debug] Running task... Cancel: Signal, check cycles: false, forcegc: true
[debug] Running task... Cancel: Signal, check cycles: false, forcegc: true
[info] compiling 6 Scala sources to D:\Scala Projects\divyesh\play_app_sample1\layout-check\target\scala-2.13\classes ...
[error] D:\Scala Projects\divyesh\play_app_sample1\layout-check\app\views\instituteList.scala.html:218:41: not found: value City
[error]                 @d.instituteAddress.get(City)
[error]                                         ^
[error] D:\Scala Projects\divyesh\play_app_sample1\layout-check\app\views\instituteList.scala.html:219:41: not found: value District
[error]                 @d.instituteAddress.get(District)
[error]                                         ^
[error] two errors found
[error] (Compile / compileIncremental) Compilation failed
[debug] Running task... Cancel: Signal, check cycles: false, forcegc: true
[debug] Running task... Cancel: Signal, check cycles: false, forcegc: true
[debug] Running task... Cancel: Signal, check cycles: false, forcegc: true
[info] compiling 6 Scala sources to D:\Scala Projects\divyesh\play_app_sample1\layout-check\target\scala-2.13\classes ...
[error] D:\Scala Projects\divyesh\play_app_sample1\layout-check\app\views\instituteList.scala.html:218:41: not found: value City
[error]                 @d.instituteAddress.get(City)
[error]                                         ^
[error] D:\Scala Projects\divyesh\play_app_sample1\layout-check\app\views\instituteList.scala.html:219:41: not found: value District
[error]                 @d.instituteAddress.get(District)
[error]                                         ^
[error] two errors found
[error] (Compile / compileIncremental) Compilation failed
[debug] Running task... Cancel: Signal, check cycles: false, forcegc: true
[debug] Running task... Cancel: Signal, check cycles: false, forcegc: true
[debug] Running task... Cancel: Signal, check cycles: false, forcegc: true
[info] compiling 6 Scala sources to D:\Scala Projects\divyesh\play_app_sample1\layout-check\target\scala-2.13\classes ...
[info] done compiling
[info] compiling 3 Scala sources and 1 Java source to D:\Scala Projects\divyesh\play_app_sample1\layout-check\target\scala-2.13\classes ...
[info] done compiling
[info] compiling 6 Scala sources to D:\Scala Projects\divyesh\play_app_sample1\layout-check\target\scala-2.13\classes ...
[info] done compiling
[debug] Running task... Cancel: Signal, check cycles: false, forcegc: true
[debug] Exporting web-assets:play-scala-hello-world-tutorial
[debug] Running task... Cancel: Signal, check cycles: false, forcegc: true
[debug] Running task... Cancel: Signal, check cycles: false, forcegc: true
[info] compiling 3 Scala sources to D:\Scala Projects\divyesh\play_app_sample1\layout-check\target\scala-2.13\classes ...
[info] done compiling
[info] compiling 1 Java source to D:\Scala Projects\divyesh\play_app_sample1\layout-check\target\scala-2.13\classes ...
[info] done compiling
[debug] Running task... Cancel: Signal, check cycles: false, forcegc: true
[debug] Exporting web-assets:play-scala-hello-world-tutorial
[debug] Running task... Cancel: Signal, check cycles: false, forcegc: true
[debug] Running task... Cancel: Signal, check cycles: false, forcegc: true
[info] compiling 3 Scala sources to D:\Scala Projects\divyesh\play_app_sample1\layout-check\target\scala-2.13\classes ...
[info] done compiling
[info] compiling 1 Java source to D:\Scala Projects\divyesh\play_app_sample1\layout-check\target\scala-2.13\classes ...
[info] done compiling
[debug] Forcing garbage collection...
[debug] Running task... Cancel: Signal, check cycles: false, forcegc: true
[debug] Exporting web-assets:play-scala-hello-world-tutorial
[debug] Running task... Cancel: Signal, check cycles: false, forcegc: true
[debug] Running task... Cancel: Signal, check cycles: false, forcegc: true
[info] compiling 1 Scala source to D:\Scala Projects\divyesh\play_app_sample1\layout-check\target\scala-2.13\classes ...
[info] done compiling
[debug] Forcing garbage collection...
[debug] Running task... Cancel: Signal, check cycles: false, forcegc: true
[debug] Exporting web-assets:play-scala-hello-world-tutorial
[debug] Running task... Cancel: Signal, check cycles: false, forcegc: true
[debug] Running task... Cancel: Signal, check cycles: false, forcegc: true
[info] compiling 1 Scala source to D:\Scala Projects\divyesh\play_app_sample1\layout-check\target\scala-2.13\classes ...
[info] done compiling
[debug] Running task... Cancel: Signal, check cycles: false, forcegc: true
[debug] Exporting web-assets:play-scala-hello-world-tutorial
[debug] Running task... Cancel: Signal, check cycles: false, forcegc: true
[debug] Running task... Cancel: Signal, check cycles: false, forcegc: true
[info] compiling 1 Scala source to D:\Scala Projects\divyesh\play_app_sample1\layout-check\target\scala-2.13\classes ...
[info] done compiling
[debug] Running task... Cancel: Signal, check cycles: false, forcegc: true
[debug] Exporting web-assets:play-scala-hello-world-tutorial
[debug] Running task... Cancel: Signal, check cycles: false, forcegc: true
[debug] Running task... Cancel: Signal, check cycles: false, forcegc: true
[info] compiling 1 Scala source to D:\Scala Projects\divyesh\play_app_sample1\layout-check\target\scala-2.13\classes ...
[error] D:\Scala Projects\divyesh\play_app_sample1\layout-check\app\views\instituteList.scala.html:215:14: not found: value D
[error]             @D
[error]              ^
[error] one error found
[error] (Compile / compileIncremental) Compilation failed
[debug] Running task... Cancel: Signal, check cycles: false, forcegc: true
[debug] Running task... Cancel: Signal, check cycles: false, forcegc: true
[debug] Running task... Cancel: Signal, check cycles: false, forcegc: true
[info] compiling 1 Scala source to D:\Scala Projects\divyesh\play_app_sample1\layout-check\target\scala-2.13\classes ...
[info] done compiling
[debug] Running task... Cancel: Signal, check cycles: false, forcegc: true
[debug] Exporting web-assets:play-scala-hello-world-tutorial
[debug] Running task... Cancel: Signal, check cycles: false, forcegc: true
[debug] Running task... Cancel: Signal, check cycles: false, forcegc: true
[info] compiling 1 Scala source to D:\Scala Projects\divyesh\play_app_sample1\layout-check\target\scala-2.13\classes ...
[info] done compiling
[debug] Running task... Cancel: Signal, check cycles: false, forcegc: true
[debug] Exporting web-assets:play-scala-hello-world-tutorial
[debug] Running task... Cancel: Signal, check cycles: false, forcegc: true
[debug] Running task... Cancel: Signal, check cycles: false, forcegc: true
[info] compiling 1 Scala source to D:\Scala Projects\divyesh\play_app_sample1\layout-check\target\scala-2.13\classes ...
[info] done compiling
[debug] Forcing garbage collection...
[debug] Running task... Cancel: Signal, check cycles: false, forcegc: true
[debug] Exporting web-assets:play-scala-hello-world-tutorial
[debug] Running task... Cancel: Signal, check cycles: false, forcegc: true
[debug] Running task... Cancel: Signal, check cycles: false, forcegc: true
[info] compiling 1 Scala source to D:\Scala Projects\divyesh\play_app_sample1\layout-check\target\scala-2.13\classes ...
[info] done compiling
[debug] Running task... Cancel: Signal, check cycles: false, forcegc: true
[debug] Exporting web-assets:play-scala-hello-world-tutorial
[debug] Running task... Cancel: Signal, check cycles: false, forcegc: true
[debug] Running task... Cancel: Signal, check cycles: false, forcegc: true
[info] compiling 1 Scala source to D:\Scala Projects\divyesh\play_app_sample1\layout-check\target\scala-2.13\classes ...
[info] done compiling
[debug] Running task... Cancel: Signal, check cycles: false, forcegc: true
[debug] Exporting web-assets:play-scala-hello-world-tutorial
[debug] Running task... Cancel: Signal, check cycles: false, forcegc: true
[debug] Running task... Cancel: Signal, check cycles: false, forcegc: true
[info] compiling 1 Scala source to D:\Scala Projects\divyesh\play_app_sample1\layout-check\target\scala-2.13\classes ...
[info] done compiling
[debug] Running task... Cancel: Signal, check cycles: false, forcegc: true
[debug] Exporting web-assets:play-scala-hello-world-tutorial
[debug] Running task... Cancel: Signal, check cycles: false, forcegc: true
[debug] Running task... Cancel: Signal, check cycles: false, forcegc: true
[info] compiling 1 Scala source to D:\Scala Projects\divyesh\play_app_sample1\layout-check\target\scala-2.13\classes ...
[info] done compiling
[debug] Running task... Cancel: Signal, check cycles: false, forcegc: true
[debug] Exporting web-assets:play-scala-hello-world-tutorial
[debug] Running task... Cancel: Signal, check cycles: false, forcegc: true
[debug] Running task... Cancel: Signal, check cycles: false, forcegc: true
[info] compiling 1 Scala source to D:\Scala Projects\divyesh\play_app_sample1\layout-check\target\scala-2.13\classes ...
[info] done compiling
[debug] Running task... Cancel: Signal, check cycles: false, forcegc: true
[debug] Exporting web-assets:play-scala-hello-world-tutorial
[debug] Running task... Cancel: Signal, check cycles: false, forcegc: true
[debug] Running task... Cancel: Signal, check cycles: false, forcegc: true
[info] compiling 1 Scala source to D:\Scala Projects\divyesh\play_app_sample1\layout-check\target\scala-2.13\classes ...
[info] done compiling
[debug] Running task... Cancel: Signal, check cycles: false, forcegc: true
[debug] Exporting web-assets:play-scala-hello-world-tutorial
[debug] Running task... Cancel: Signal, check cycles: false, forcegc: true
[debug] Running task... Cancel: Signal, check cycles: false, forcegc: true
[info] compiling 1 Scala source to D:\Scala Projects\divyesh\play_app_sample1\layout-check\target\scala-2.13\classes ...
[info] done compiling
[debug] Running task... Cancel: Signal, check cycles: false, forcegc: true
[debug] Exporting web-assets:play-scala-hello-world-tutorial
[debug] Running task... Cancel: Signal, check cycles: false, forcegc: true
[debug] Running task... Cancel: Signal, check cycles: false, forcegc: true
[info] compiling 2 Scala sources to D:\Scala Projects\divyesh\play_app_sample1\layout-check\target\scala-2.13\classes ...
[info] done compiling
[debug] Forcing garbage collection...
[debug] Running task... Cancel: Signal, check cycles: false, forcegc: true
[debug] Exporting web-assets:play-scala-hello-world-tutorial
[debug] Running task... Cancel: Signal, check cycles: false, forcegc: true
[debug] Running task... Cancel: Signal, check cycles: false, forcegc: true
[info] compiling 1 Scala source to D:\Scala Projects\divyesh\play_app_sample1\layout-check\target\scala-2.13\classes ...
[info] done compiling
[debug] Running task... Cancel: Signal, check cycles: false, forcegc: true
[debug] Exporting web-assets:play-scala-hello-world-tutorial
[debug] Running task... Cancel: Signal, check cycles: false, forcegc: true
[debug] Running task... Cancel: Signal, check cycles: false, forcegc: true
[info] compiling 2 Scala sources to D:\Scala Projects\divyesh\play_app_sample1\layout-check\target\scala-2.13\classes ...
[info] done compiling
[debug] Forcing garbage collection...
[debug] Running task... Cancel: Signal, check cycles: false, forcegc: true
[debug] Exporting web-assets:play-scala-hello-world-tutorial
[debug] Running task... Cancel: Signal, check cycles: false, forcegc: true
[debug] Running task... Cancel: Signal, check cycles: false, forcegc: true
[info] compiling 1 Scala source to D:\Scala Projects\divyesh\play_app_sample1\layout-check\target\scala-2.13\classes ...
[info] done compiling
[debug] Running task... Cancel: Signal, check cycles: false, forcegc: true
[debug] Exporting web-assets:play-scala-hello-world-tutorial
[debug] Running task... Cancel: Signal, check cycles: false, forcegc: true
[debug] Running task... Cancel: Signal, check cycles: false, forcegc: true
[info] compiling 1 Scala source to D:\Scala Projects\divyesh\play_app_sample1\layout-check\target\scala-2.13\classes ...
[info] done compiling
[debug] Running task... Cancel: Signal, check cycles: false, forcegc: true
[debug] Exporting web-assets:play-scala-hello-world-tutorial
[debug] Running task... Cancel: Signal, check cycles: false, forcegc: true
[debug] Running task... Cancel: Signal, check cycles: false, forcegc: true
[info] compiling 1 Scala source to D:\Scala Projects\divyesh\play_app_sample1\layout-check\target\scala-2.13\classes ...
[info] done compiling
[debug] Forcing garbage collection...
[debug] Running task... Cancel: Signal, check cycles: false, forcegc: true
[debug] Exporting web-assets:play-scala-hello-world-tutorial
[debug] Running task... Cancel: Signal, check cycles: false, forcegc: true
[debug] Running task... Cancel: Signal, check cycles: false, forcegc: true
[info] compiling 1 Scala source to D:\Scala Projects\divyesh\play_app_sample1\layout-check\target\scala-2.13\classes ...
[info] done compiling
[debug] Running task... Cancel: Signal, check cycles: false, forcegc: true
[debug] Exporting web-assets:play-scala-hello-world-tutorial
[debug] Running task... Cancel: Signal, check cycles: false, forcegc: true
[debug] Running task... Cancel: Signal, check cycles: false, forcegc: true
[info] compiling 1 Scala source to D:\Scala Projects\divyesh\play_app_sample1\layout-check\target\scala-2.13\classes ...
[info] done compiling
[debug] Running task... Cancel: Signal, check cycles: false, forcegc: true
[debug] Exporting web-assets:play-scala-hello-world-tutorial
[debug] Running task... Cancel: Signal, check cycles: false, forcegc: true
